#
# A fatal error has been detected by the Java Runtime Environment:
#
#  SIGSEGV (0xb) at pc=0x00007f0131781b9d, pid=6819, tid=0x00007f011f68b700
#
# JRE version: OpenJDK Runtime Environment (8.0_252-b09) (build 1.8.0_252-8u252-b09-1~18.04-b09)
# Java VM: OpenJDK 64-Bit Server VM (25.252-b09 mixed mode linux-amd64 compressed oops)
# Problematic frame:
# C  [libatk-wrapper.so.6.0.0+0x5b9d]
#
# Failed to write core dump. Core dumps have been disabled. To enable core dumping, try "ulimit -c unlimited" before starting Java again
#
# If you would like to submit a bug report, please visit:
#   http://bugreport.java.com/bugreport/crash.jsp
# The crash happened outside the Java Virtual Machine in native code.
# See problematic frame for where to report the bug.
#

---------------  T H R E A D  ---------------

Current thread (0x00007f0118018800):  JavaThread "Thread-0" daemon [_thread_in_native, id=6841, stack(0x00007f011ee8c000,0x00007f011f68c000)]

siginfo: si_signo: 11 (SIGSEGV), si_code: 1 (SEGV_MAPERR), si_addr: 0x0000000000000008

Registers:
RAX=0x00007f016c257020, RBX=0x0000000000000000, RCX=0x0000000000000000, RDX=0x0000000000000000
RSP=0x00007f011f68ad90, RBP=0x0000000000000029, RSI=0x00007f0131781b80, RDI=0x0000000000000000
R8 =0x00007f0118001000, R9 =0x0000000000000030, R10=0x0000000000000020, R11=0x0000000000000033
R12=0x0000000000000011, R13=0x00007f016c253ac0, R14=0x00007f01180a10b0, R15=0x00007f01310c1280
RIP=0x00007f0131781b9d, EFLAGS=0x0000000000010202, CSGSFS=0x002b000000000033, ERR=0x0000000000000004
  TRAPNO=0x000000000000000e

Top of Stack: (sp=0x00007f011f68ad90)
0x00007f011f68ad90:   0000000000000028 0000000000000000
0x00007f011f68ada0:   00007f016c253ac0 66a3bcedf3ce7d00
0x00007f011f68adb0:   00007f016c29dc70 00007f0130df8285
0x00007f011f68adc0:   00007f01180a1120 0000000030df7f58
0x00007f011f68add0:   00007f0130df4c10 0000000000000000
0x00007f011f68ade0:   00007f011f68adf8 00007f011f68ae00
0x00007f011f68adf0:   0000000000000000 0000000000000000
0x00007f011f68ae00:   00007f0131781b80 66a3bcedf3ce7d00
0x00007f011f68ae10:   0000000000000000 00007f016c29dc70
0x00007f011f68ae20:   0000000000000001 00007f011800baa0
0x00007f011f68ae30:   0000000000000001 00007f0130e07f50
0x00007f011f68ae40:   0000000000000004 00007f0130df8650
0x00007f011f68ae50:   0000000000000000 000000016c29dc70
0x00007f011f68ae60:   00000000000000c8 66a3bcedf3ce7d00
0x00007f011f68ae70:   0000000000000000 00007f016c29ddb0
0x00007f011f68ae80:   00007f016c29ddbc 00007f011f68afc0
0x00007f011f68ae90:   0000000000000000 00007f016c28f850
0x00007f011f68aea0:   00007f01755f1130 00007f0130df8962
0x00007f011f68aeb0:   0000000000000000 0000000000000000
0x00007f011f68aec0:   00007f016c29ddb0 00007f016c29ddb0
0x00007f011f68aed0:   0000000000000000 00007f0131781948
0x00007f011f68aee0:   00007f016c28f850 00007f0130e20175
0x00007f011f68aef0:   0000000000000000 00007f01747836db
0x00007f011f68af00:   0000000000000000 00007f011f68b700
0x00007f011f68af10:   00007f011f68b700 46527df7ca1d6f85
0x00007f011f68af20:   00007f011f68afc0 0000000000000000
0x00007f011f68af30:   00007f016c28f850 00007f01755f1130
0x00007f011f68af40:   b8504326941d6f85 b8509507a7596f85
0x00007f011f68af50:   0000000000000000 0000000000000000
0x00007f011f68af60:   0000000000000000 0000000000000000
0x00007f011f68af70:   0000000000000000 0000000000000000
0x00007f011f68af80:   0000000000000000 0000000000000000 

Instructions: (pc=0x00007f0131781b9d)
0x00007f0131781b7d:   00 00 00 53 48 89 fb 48 83 ec 20 64 48 8b 04 25
0x00007f0131781b8d:   28 00 00 00 48 89 44 24 18 31 c0 e8 b3 e9 ff ff
0x00007f0131781b9d:   48 8b 7b 08 48 89 c6 e8 17 ea ff ff 48 85 c0 74
0x00007f0131781bad:   4a 48 c7 c2 ff ff ff ff 48 8d 35 43 b6 00 00 48 

Register to memory mapping:

RAX=0x00007f016c257020 is an unknown value
RBX=0x0000000000000000 is an unknown value
RCX=0x0000000000000000 is an unknown value
RDX=0x0000000000000000 is an unknown value
RSP=0x00007f011f68ad90 is pointing into the stack for thread: 0x00007f0118018800
RBP=0x0000000000000029 is an unknown value
RSI=0x00007f0131781b80: <offset 0x5b80> in /usr/lib/x86_64-linux-gnu/jni/libatk-wrapper.so.6.0.0 at 0x00007f013177c000
RDI=0x0000000000000000 is an unknown value
R8 =0x00007f0118001000 is an unknown value
R9 =0x0000000000000030 is an unknown value
R10=0x0000000000000020 is an unknown value
R11=0x0000000000000033 is an unknown value
R12=0x0000000000000011 is an unknown value
R13=0x00007f016c253ac0 is an unknown value
R14=0x00007f01180a10b0 is an unknown value
R15=0x00007f01310c1280: <offset 0x315280> in /usr/lib/x86_64-linux-gnu/libglib-2.0.so.0 at 0x00007f0130dac000


Stack: [0x00007f011ee8c000,0x00007f011f68c000],  sp=0x00007f011f68ad90,  free space=8187k
Native frames: (J=compiled Java code, j=interpreted, Vv=VM code, C=native code)
C  [libatk-wrapper.so.6.0.0+0x5b9d]


---------------  P R O C E S S  ---------------

Java Threads: ( => current thread )
  0x00007f016c314000 JavaThread "Abandoned connection cleanup thread" daemon [_thread_blocked, id=6844, stack(0x00007f011e749000,0x00007f011e84a000)]
=>0x00007f0118018800 JavaThread "Thread-0" daemon [_thread_in_native, id=6841, stack(0x00007f011ee8c000,0x00007f011f68c000)]
  0x00007f016c2be000 JavaThread "AWT-EventQueue-1" [_thread_blocked, id=6843, stack(0x00007f011ea4a000,0x00007f011eb4b000)]
  0x00007f016c2bc800 JavaThread "AWT-Shutdown" [_thread_blocked, id=6842, stack(0x00007f011eb4b000,0x00007f011ec4c000)]
  0x00007f016c241800 JavaThread "process reaper" daemon [_thread_blocked, id=6840, stack(0x00007f0158069000,0x00007f01580a2000)]
  0x00007f016c22c000 JavaThread "AWT-XAWT" daemon [_thread_in_native, id=6838, stack(0x00007f013199b000,0x00007f0131a9c000)]
  0x00007f016c204000 JavaThread "Java2D Disposer" daemon [_thread_blocked, id=6837, stack(0x00007f0131eb3000,0x00007f0131fb4000)]
  0x00007f016c0bb000 JavaThread "Service Thread" daemon [_thread_blocked, id=6834, stack(0x00007f0158600000,0x00007f0158701000)]
  0x00007f016c0b8000 JavaThread "C1 CompilerThread1" daemon [_thread_in_native, id=6833, stack(0x00007f0158702000,0x00007f0158802000)]
  0x00007f016c0b5800 JavaThread "C2 CompilerThread0" daemon [_thread_in_native, id=6832, stack(0x00007f0158803000,0x00007f0158903000)]
  0x00007f016c0b1800 JavaThread "Signal Dispatcher" daemon [_thread_blocked, id=6831, stack(0x00007f0158903000,0x00007f0158a04000)]
  0x00007f016c083000 JavaThread "Finalizer" daemon [_thread_blocked, id=6826, stack(0x00007f0158ce7000,0x00007f0158de8000)]
  0x00007f016c07e800 JavaThread "Reference Handler" daemon [_thread_blocked, id=6825, stack(0x00007f0158de8000,0x00007f0158ee9000)]
  0x00007f016c00b800 JavaThread "main" [_thread_in_vm, id=6821, stack(0x00007f01754f3000,0x00007f01755f3000)]

Other Threads:
  0x00007f016c075000 VMThread [stack: 0x00007f0158eea000,0x00007f0158fea000] [id=6824]
  0x00007f016c0be000 WatcherThread [stack: 0x00007f0158500000,0x00007f0158600000] [id=6835]

VM state:not at safepoint (normal execution)

VM Mutex/Monitor currently owned by a thread:  ([mutex/lock_event])
[0x00007f016c007040] CodeCache_lock - owner thread: 0x00007f016c0b8000
[0x00007f016c0086c0] Compile_lock - owner thread: 0x00007f016c0b8000
[0x00007f016c0087c0] MethodCompileQueue_lock - owner thread: 0x00007f016c0b8000

heap address: 0x000000008be00000, size: 1858 MB, Compressed Oops mode: 32-bit
Narrow klass base: 0x0000000000000000, Narrow klass shift: 3
Compressed class space size: 1073741824 Address: 0x0000000100000000

Heap:
 PSYoungGen      total 35328K, used 28557K [0x00000000d9500000, 0x00000000dbc00000, 0x0000000100000000)
  eden space 30720K, 92% used [0x00000000d9500000,0x00000000db0e37e8,0x00000000db300000)
  from space 4608K, 0% used [0x00000000db780000,0x00000000db780000,0x00000000dbc00000)
  to   space 4608K, 0% used [0x00000000db300000,0x00000000db300000,0x00000000db780000)
 ParOldGen       total 80896K, used 0K [0x000000008be00000, 0x0000000090d00000, 0x00000000d9500000)
  object space 80896K, 0% used [0x000000008be00000,0x000000008be00000,0x0000000090d00000)
 Metaspace       used 17613K, capacity 18000K, committed 18304K, reserved 1064960K
  class space    used 2016K, capacity 2138K, committed 2176K, reserved 1048576K

Card table byte_map: [0x00007f0171682000,0x00007f0171a24000] byte_map_base: 0x00007f0171223000

Marking Bits: (ParMarkBitMap*) 0x00007f01747583c0
 Begin Bits: [0x00007f01595f0000, 0x00007f015b2f8000)
 End Bits:   [0x00007f015b2f8000, 0x00007f015d000000)

Polling page: 0x00007f01755f7000

CodeCache: size=245760Kb used=3734Kb max_used=3743Kb free=242025Kb
 bounds [0x00007f015d000000, 0x00007f015d3b0000, 0x00007f016c000000]
 total_blobs=1772 nmethods=1153 adapters=534
 compilation: enabled

Compilation events (10 events):
Event: 3.722 Thread 0x00007f016c0b8000 1147       3       java.util.zip.ZipFile::getZipEntry (251 bytes)
Event: 3.723 Thread 0x00007f016c0b8000 nmethod 1147 0x00007f015d3a1f90 code [0x00007f015d3a21e0, 0x00007f015d3a2dc8]
Event: 3.724 Thread 0x00007f016c0b8000 1148       3       java.awt.Container::getComponents (5 bytes)
Event: 3.725 Thread 0x00007f016c0b8000 nmethod 1148 0x00007f015d3a3210 code [0x00007f015d3a33a0, 0x00007f015d3a3788]
Event: 3.725 Thread 0x00007f016c0b8000 1149       3       java.awt.Container::getComponents_NoClientCode (16 bytes)
Event: 3.726 Thread 0x00007f016c0b8000 nmethod 1149 0x00007f015d3a3890 code [0x00007f015d3a3a00, 0x00007f015d3a3d08]
Event: 3.726 Thread 0x00007f016c0b8000 1150       3       java.awt.Component::isEnabled (5 bytes)
Event: 3.726 Thread 0x00007f016c0b8000 nmethod 1150 0x00007f015d3a3dd0 code [0x00007f015d3a3f40, 0x00007f015d3a4130]
Event: 3.726 Thread 0x00007f016c0b8000 1151       1       javax.swing.AbstractButton::getText (5 bytes)
Event: 3.727 Thread 0x00007f016c0b8000 nmethod 1151 0x00007f015d3a4190 code [0x00007f015d3a42e0, 0x00007f015d3a43f0]

GC Heap History (0 events):
No events

Deoptimization events (10 events):
Event: 2.937 Thread 0x00007f016c00b800 Uncommon trap: reason=class_check action=maybe_recompile pc=0x00007f015d2ad6bc method=java.util.HashMap.putVal(ILjava/lang/Object;Ljava/lang/Object;ZZ)Ljava/lang/Object; @ 203
Event: 2.938 Thread 0x00007f016c00b800 Uncommon trap: reason=class_check action=maybe_recompile pc=0x00007f015d2ad6bc method=java.util.HashMap.putVal(ILjava/lang/Object;Ljava/lang/Object;ZZ)Ljava/lang/Object; @ 203
Event: 2.938 Thread 0x00007f016c00b800 Uncommon trap: reason=class_check action=maybe_recompile pc=0x00007f015d2ad6bc method=java.util.HashMap.putVal(ILjava/lang/Object;Ljava/lang/Object;ZZ)Ljava/lang/Object; @ 203
Event: 2.945 Thread 0x00007f016c00b800 Uncommon trap: reason=class_check action=maybe_recompile pc=0x00007f015d2ad6bc method=java.util.HashMap.putVal(ILjava/lang/Object;Ljava/lang/Object;ZZ)Ljava/lang/Object; @ 203
Event: 3.141 Thread 0x00007f016c00b800 Uncommon trap: reason=unstable_if action=reinterpret pc=0x00007f015d26de60 method=java.lang.CharacterData.of(I)Ljava/lang/CharacterData; @ 4
Event: 3.432 Thread 0x00007f016c00b800 Uncommon trap: reason=unstable_if action=reinterpret pc=0x00007f015d36dfc0 method=java.util.regex.Pattern$SliceI.match(Ljava/util/regex/Matcher;ILjava/lang/CharSequence;)Z @ 18
Event: 3.664 Thread 0x00007f016c00b800 Uncommon trap: reason=class_check action=maybe_recompile pc=0x00007f015d38ec48 method=sun.security.util.math.intpoly.IntegerPolynomial$MutableElement.setSum(Lsun/security/util/math/IntegerModuloP;)Lsun/security/util/math/intpoly/IntegerPolynomial$MutableE
Event: 3.664 Thread 0x00007f016c00b800 Uncommon trap: reason=class_check action=maybe_recompile pc=0x00007f015d38ec48 method=sun.security.util.math.intpoly.IntegerPolynomial$MutableElement.setSum(Lsun/security/util/math/IntegerModuloP;)Lsun/security/util/math/intpoly/IntegerPolynomial$MutableE
Event: 3.664 Thread 0x00007f016c00b800 Uncommon trap: reason=class_check action=maybe_recompile pc=0x00007f015d38ec48 method=sun.security.util.math.intpoly.IntegerPolynomial$MutableElement.setSum(Lsun/security/util/math/IntegerModuloP;)Lsun/security/util/math/intpoly/IntegerPolynomial$MutableE
Event: 3.664 Thread 0x00007f016c00b800 Uncommon trap: reason=class_check action=maybe_recompile pc=0x00007f015d38ec48 method=sun.security.util.math.intpoly.IntegerPolynomial$MutableElement.setSum(Lsun/security/util/math/IntegerModuloP;)Lsun/security/util/math/intpoly/IntegerPolynomial$MutableE

Classes redefined (0 events):
No events

Internal exceptions (10 events):
Event: 0.205 Thread 0x00007f016c00b800 Exception <a 'java/security/PrivilegedActionException'> (0x00000000d95966c0) thrown at [/build/openjdk-8-piDAoU/openjdk-8-8u252-b09/src/hotspot/src/share/vm/prims/jvm.cpp, line 1502]
Event: 0.205 Thread 0x00007f016c00b800 Exception <a 'java/security/PrivilegedActionException'> (0x00000000d95968d0) thrown at [/build/openjdk-8-piDAoU/openjdk-8-8u252-b09/src/hotspot/src/share/vm/prims/jvm.cpp, line 1502]
Event: 0.206 Thread 0x00007f016c00b800 Exception <a 'java/security/PrivilegedActionException'> (0x00000000d95973a8) thrown at [/build/openjdk-8-piDAoU/openjdk-8-8u252-b09/src/hotspot/src/share/vm/prims/jvm.cpp, line 1502]
Event: 0.206 Thread 0x00007f016c00b800 Exception <a 'java/security/PrivilegedActionException'> (0x00000000d95975b8) thrown at [/build/openjdk-8-piDAoU/openjdk-8-8u252-b09/src/hotspot/src/share/vm/prims/jvm.cpp, line 1502]
Event: 0.353 Thread 0x00007f016c00b800 Exception <a 'java/lang/NoSuchFieldError': method resolution failed> (0x00000000d97108d0) thrown at [/build/openjdk-8-piDAoU/openjdk-8-8u252-b09/src/hotspot/src/share/vm/prims/methodHandles.cpp, line 1167]
Event: 0.366 Thread 0x00007f016c00b800 Exception <a 'java/lang/NoSuchFieldError': method resolution failed> (0x00000000d971e0d0) thrown at [/build/openjdk-8-piDAoU/openjdk-8-8u252-b09/src/hotspot/src/share/vm/prims/methodHandles.cpp, line 1167]
Event: 0.451 Thread 0x00007f016c00b800 Exception <a 'java/io/FileNotFoundException'> (0x00000000d979d720) thrown at [/build/openjdk-8-piDAoU/openjdk-8-8u252-b09/src/hotspot/src/share/vm/prims/jni.cpp, line 710]
Event: 0.589 Thread 0x00007f016c00b800 Exception <a 'java/lang/ClassNotFoundException': sun/dc/DuctusRenderingEngine> (0x00000000d97b9538) thrown at [/build/openjdk-8-piDAoU/openjdk-8-8u252-b09/src/hotspot/src/share/vm/classfile/systemDictionary.cpp, line 210]
Event: 2.203 Thread 0x00007f016c2be000 Exception <a 'java/lang/UnsupportedOperationException': > (0x00000000d9a8df10) thrown at [/build/openjdk-8-piDAoU/openjdk-8-8u252-b09/src/hotspot/src/share/vm/prims/jni.cpp, line 737]
Event: 3.689 Thread 0x00007f016c2be000 Exception <a 'java/lang/UnsupportedOperationException': > (0x00000000daf1ed38) thrown at [/build/openjdk-8-piDAoU/openjdk-8-8u252-b09/src/hotspot/src/share/vm/prims/jni.cpp, line 737]

Events (10 events):
Event: 3.718 loading class javax/swing/border/TitledBorder
Event: 3.719 loading class com/sun/crypto/provider/TlsMasterSecretGenerator$TlsMasterSecretKey
Event: 3.719 loading class com/sun/crypto/provider/TlsMasterSecretGenerator$TlsMasterSecretKey done
Event: 3.723 loading class javax/swing/border/TitledBorder done
Event: 3.727 loading class sun/security/internal/interfaces/TlsMasterSecret
Event: 3.727 loading class sun/security/internal/interfaces/TlsMasterSecret done
Event: 3.729 loading class sun/security/internal/spec/TlsKeyMaterialParameterSpec
Event: 3.729 loading class sun/security/internal/spec/TlsKeyMaterialParameterSpec done
Event: 3.729 loading class com/sun/crypto/provider/TlsKeyMaterialGenerator
Event: 3.729 loading class com/sun/crypto/provider/TlsKeyMaterialGenerator done


Dynamic libraries:
8be00000-90d00000 rw-p 00000000 00:00 0 
90d00000-d9500000 ---p 00000000 00:00 0 
d9500000-dbc00000 rw-p 00000000 00:00 0 
dbc00000-100000000 ---p 00000000 00:00 0 
100000000-100220000 rw-p 00000000 00:00 0 
100220000-140000000 ---p 00000000 00:00 0 
55fd1cd55000-55fd1cd56000 r-xp 00000000 08:02 58462723                   /usr/lib/jvm/java-8-openjdk-amd64/jre/bin/java
55fd1cf55000-55fd1cf56000 r--p 00000000 08:02 58462723                   /usr/lib/jvm/java-8-openjdk-amd64/jre/bin/java
55fd1cf56000-55fd1cf57000 rw-p 00001000 08:02 58462723                   /usr/lib/jvm/java-8-openjdk-amd64/jre/bin/java
55fd1d52b000-55fd1d54c000 rw-p 00000000 00:00 0                          [heap]
7f0118000000-7f01180e6000 rw-p 00000000 00:00 0 
7f01180e6000-7f011c000000 ---p 00000000 00:00 0 
7f011df1c000-7f011e0dc000 rw-p 00000000 00:00 0 
7f011e0dc000-7f011e11c000 ---p 00000000 00:00 0 
7f011e11c000-7f011e144000 r-xp 00000000 08:02 58465050                   /usr/lib/jvm/java-8-openjdk-amd64/jre/lib/amd64/libsunec.so
7f011e144000-7f011e343000 ---p 00028000 08:02 58465050                   /usr/lib/jvm/java-8-openjdk-amd64/jre/lib/amd64/libsunec.so
7f011e343000-7f011e347000 r--p 00027000 08:02 58465050                   /usr/lib/jvm/java-8-openjdk-amd64/jre/lib/amd64/libsunec.so
7f011e347000-7f011e348000 rw-p 0002b000 08:02 58465050                   /usr/lib/jvm/java-8-openjdk-amd64/jre/lib/amd64/libsunec.so
7f011e349000-7f011e549000 rw-p 00000000 00:00 0 
7f011e549000-7f011e749000 rw-p 00000000 00:00 0 
7f011e749000-7f011e74c000 ---p 00000000 00:00 0 
7f011e74c000-7f011ea4a000 rw-p 00000000 00:00 0 
7f011ea4a000-7f011ea4d000 ---p 00000000 00:00 0 
7f011ea4d000-7f011eb4b000 rw-p 00000000 00:00 0 
7f011eb4b000-7f011eb4e000 ---p 00000000 00:00 0 
7f011eb4e000-7f011ec4c000 rw-p 00000000 00:00 0 
7f011ec4c000-7f011ec87000 r-xp 00000000 08:02 262235                     /lib/x86_64-linux-gnu/libnss_systemd.so.2
7f011ec87000-7f011ee86000 ---p 0003b000 08:02 262235                     /lib/x86_64-linux-gnu/libnss_systemd.so.2
7f011ee86000-7f011ee89000 r--p 0003a000 08:02 262235                     /lib/x86_64-linux-gnu/libnss_systemd.so.2
7f011ee89000-7f011ee8a000 rw-p 0003d000 08:02 262235                     /lib/x86_64-linux-gnu/libnss_systemd.so.2
7f011ee8b000-7f011ee8c000 ---p 00000000 00:00 0 
7f011ee8c000-7f011ee8f000 ---p 00000000 00:00 0 
7f011ee8f000-7f011f68c000 rw-p 00000000 00:00 0 
7f011f68c000-7f011f695000 r-xp 00000000 08:02 58465041                   /usr/lib/jvm/java-8-openjdk-amd64/jre/lib/amd64/libmanagement.so
7f011f695000-7f011f894000 ---p 00009000 08:02 58465041                   /usr/lib/jvm/java-8-openjdk-amd64/jre/lib/amd64/libmanagement.so
7f011f894000-7f011f895000 r--p 00008000 08:02 58465041                   /usr/lib/jvm/java-8-openjdk-amd64/jre/lib/amd64/libmanagement.so
7f011f895000-7f011f896000 rw-p 00009000 08:02 58465041                   /usr/lib/jvm/java-8-openjdk-amd64/jre/lib/amd64/libmanagement.so
7f011f89c000-7f011f8b0000 r-xp 00000000 08:02 263899                     /lib/x86_64-linux-gnu/libgpg-error.so.0.22.0
7f011f8b0000-7f011faaf000 ---p 00014000 08:02 263899                     /lib/x86_64-linux-gnu/libgpg-error.so.0.22.0
7f011faaf000-7f011fab0000 r--p 00013000 08:02 263899                     /lib/x86_64-linux-gnu/libgpg-error.so.0.22.0
7f011fab0000-7f011fab1000 rw-p 00014000 08:02 263899                     /lib/x86_64-linux-gnu/libgpg-error.so.0.22.0
7f011fab4000-7f011fbc8000 r-xp 00000000 08:02 262445                     /lib/x86_64-linux-gnu/libgcrypt.so.20.2.1
7f011fbc8000-7f011fdc8000 ---p 00114000 08:02 262445                     /lib/x86_64-linux-gnu/libgcrypt.so.20.2.1
7f011fdc8000-7f011fdca000 r--p 00114000 08:02 262445                     /lib/x86_64-linux-gnu/libgcrypt.so.20.2.1
7f011fdca000-7f011fdcf000 rw-p 00116000 08:02 262445                     /lib/x86_64-linux-gnu/libgcrypt.so.20.2.1
7f011fdcf000-7f011fdd0000 rw-p 00000000 00:00 0 
7f011fdd4000-7f011fdf8000 r-xp 00000000 08:02 266715                     /lib/x86_64-linux-gnu/liblzma.so.5.2.2
7f011fdf8000-7f011fff8000 ---p 00024000 08:02 266715                     /lib/x86_64-linux-gnu/liblzma.so.5.2.2
7f011fff8000-7f011fff9000 r--p 00024000 08:02 266715                     /lib/x86_64-linux-gnu/liblzma.so.5.2.2
7f011fff9000-7f011fffa000 rw-p 00025000 08:02 266715                     /lib/x86_64-linux-gnu/liblzma.so.5.2.2
7f0120000000-7f0120021000 rw-p 00000000 00:00 0 
7f0120021000-7f0124000000 ---p 00000000 00:00 0 
7f0124000000-7f0124021000 rw-p 00000000 00:00 0 
7f0124021000-7f0128000000 ---p 00000000 00:00 0 
7f0128000000-7f0128021000 rw-p 00000000 00:00 0 
7f0128021000-7f012c000000 ---p 00000000 00:00 0 
7f012c000000-7f012c021000 rw-p 00000000 00:00 0 
7f012c021000-7f0130000000 ---p 00000000 00:00 0 
7f0130004000-7f013001f000 r-xp 00000000 08:02 58458544                   /usr/lib/x86_64-linux-gnu/liblz4.so.1.7.1
7f013001f000-7f013021e000 ---p 0001b000 08:02 58458544                   /usr/lib/x86_64-linux-gnu/liblz4.so.1.7.1
7f013021e000-7f013021f000 r--p 0001a000 08:02 58458544                   /usr/lib/x86_64-linux-gnu/liblz4.so.1.7.1
7f013021f000-7f0130220000 rw-p 0001b000 08:02 58458544                   /usr/lib/x86_64-linux-gnu/liblz4.so.1.7.1
7f0130224000-7f01302a4000 r-xp 00000000 08:02 262333                     /lib/x86_64-linux-gnu/libsystemd.so.0.21.0
7f01302a4000-7f01304a3000 ---p 00080000 08:02 262333                     /lib/x86_64-linux-gnu/libsystemd.so.0.21.0
7f01304a3000-7f01304a6000 r--p 0007f000 08:02 262333                     /lib/x86_64-linux-gnu/libsystemd.so.0.21.0
7f01304a6000-7f01304a7000 rw-p 00082000 08:02 262333                     /lib/x86_64-linux-gnu/libsystemd.so.0.21.0
7f01304a7000-7f01304a8000 rw-p 00000000 00:00 0 
7f01304ac000-7f013051c000 r-xp 00000000 08:02 263811                     /lib/x86_64-linux-gnu/libpcre.so.3.13.3
7f013051c000-7f013071c000 ---p 00070000 08:02 263811                     /lib/x86_64-linux-gnu/libpcre.so.3.13.3
7f013071c000-7f013071d000 r--p 00070000 08:02 263811                     /lib/x86_64-linux-gnu/libpcre.so.3.13.3
7f013071d000-7f013071e000 rw-p 00071000 08:02 263811                     /lib/x86_64-linux-gnu/libpcre.so.3.13.3
7f0130724000-7f013072b000 r-xp 00000000 08:02 58458350                   /usr/lib/x86_64-linux-gnu/libffi.so.6.0.4
7f013072b000-7f013092a000 ---p 00007000 08:02 58458350                   /usr/lib/x86_64-linux-gnu/libffi.so.6.0.4
7f013092a000-7f013092b000 r--p 00006000 08:02 58458350                   /usr/lib/x86_64-linux-gnu/libffi.so.6.0.4
7f013092b000-7f013092c000 rw-p 00007000 08:02 58458350                   /usr/lib/x86_64-linux-gnu/libffi.so.6.0.4
7f013092c000-7f0130958000 r-xp 00000000 08:02 58458424                   /usr/lib/x86_64-linux-gnu/libatspi.so.0.0.1
7f0130958000-7f0130b58000 ---p 0002c000 08:02 58458424                   /usr/lib/x86_64-linux-gnu/libatspi.so.0.0.1
7f0130b58000-7f0130b5b000 r--p 0002c000 08:02 58458424                   /usr/lib/x86_64-linux-gnu/libatspi.so.0.0.1
7f0130b5b000-7f0130b5c000 rw-p 0002f000 08:02 58458424                   /usr/lib/x86_64-linux-gnu/libatspi.so.0.0.1
7f0130b5c000-7f0130ba7000 r-xp 00000000 08:02 262218                     /lib/x86_64-linux-gnu/libdbus-1.so.3.19.4
7f0130ba7000-7f0130da7000 ---p 0004b000 08:02 262218                     /lib/x86_64-linux-gnu/libdbus-1.so.3.19.4
7f0130da7000-7f0130da8000 r--p 0004b000 08:02 262218                     /lib/x86_64-linux-gnu/libdbus-1.so.3.19.4
7f0130da8000-7f0130da9000 rw-p 0004c000 08:02 262218                     /lib/x86_64-linux-gnu/libdbus-1.so.3.19.4
7f0130dac000-7f0130ec0000 r-xp 00000000 08:02 58459415                   /usr/lib/x86_64-linux-gnu/libglib-2.0.so.0.5600.4
7f0130ec0000-7f01310c0000 ---p 00114000 08:02 58459415                   /usr/lib/x86_64-linux-gnu/libglib-2.0.so.0.5600.4
7f01310c0000-7f01310c1000 r--p 00114000 08:02 58459415                   /usr/lib/x86_64-linux-gnu/libglib-2.0.so.0.5600.4
7f01310c1000-7f01310c2000 rw-p 00115000 08:02 58459415                   /usr/lib/x86_64-linux-gnu/libglib-2.0.so.0.5600.4
7f01310c2000-7f01310c3000 rw-p 00000000 00:00 0 
7f01310c4000-7f0131116000 r-xp 00000000 08:02 58460907                   /usr/lib/x86_64-linux-gnu/libgobject-2.0.so.0.5600.4
7f0131116000-7f0131316000 ---p 00052000 08:02 58460907                   /usr/lib/x86_64-linux-gnu/libgobject-2.0.so.0.5600.4
7f0131316000-7f0131317000 r--p 00052000 08:02 58460907                   /usr/lib/x86_64-linux-gnu/libgobject-2.0.so.0.5600.4
7f0131317000-7f0131318000 rw-p 00053000 08:02 58460907                   /usr/lib/x86_64-linux-gnu/libgobject-2.0.so.0.5600.4
7f013131c000-7f013134a000 r-xp 00000000 08:02 58466172                   /usr/lib/x86_64-linux-gnu/libatk-bridge-2.0.so.0.0.0
7f013134a000-7f013154a000 ---p 0002e000 08:02 58466172                   /usr/lib/x86_64-linux-gnu/libatk-bridge-2.0.so.0.0.0
7f013154a000-7f013154b000 r--p 0002e000 08:02 58466172                   /usr/lib/x86_64-linux-gnu/libatk-bridge-2.0.so.0.0.0
7f013154b000-7f013154c000 rw-p 0002f000 08:02 58466172                   /usr/lib/x86_64-linux-gnu/libatk-bridge-2.0.so.0.0.0
7f013154c000-7f013154d000 rw-p 00000000 00:00 0 
7f0131554000-7f0131576000 r-xp 00000000 08:02 58459522                   /usr/lib/x86_64-linux-gnu/libatk-1.0.so.0.22810.1
7f0131576000-7f0131776000 ---p 00022000 08:02 58459522                   /usr/lib/x86_64-linux-gnu/libatk-1.0.so.0.22810.1
7f0131776000-7f0131779000 r--p 00022000 08:02 58459522                   /usr/lib/x86_64-linux-gnu/libatk-1.0.so.0.22810.1
7f0131779000-7f013177a000 rw-p 00025000 08:02 58459522                   /usr/lib/x86_64-linux-gnu/libatk-1.0.so.0.22810.1
7f013177c000-7f0131793000 r-xp 00000000 08:02 58983770                   /usr/lib/x86_64-linux-gnu/jni/libatk-wrapper.so.6.0.0
7f0131793000-7f0131993000 ---p 00017000 08:02 58983770                   /usr/lib/x86_64-linux-gnu/jni/libatk-wrapper.so.6.0.0
7f0131993000-7f0131994000 r--p 00017000 08:02 58983770                   /usr/lib/x86_64-linux-gnu/jni/libatk-wrapper.so.6.0.0
7f0131994000-7f0131995000 rw-p 00018000 08:02 58983770                   /usr/lib/x86_64-linux-gnu/jni/libatk-wrapper.so.6.0.0
7f013199b000-7f013199e000 ---p 00000000 00:00 0 
7f013199e000-7f0131a9c000 rw-p 00000000 00:00 0 
7f0131a9c000-7f0131aa1000 r-xp 00000000 08:02 58465799                   /usr/lib/x86_64-linux-gnu/libXfixes.so.3.1.0
7f0131aa1000-7f0131ca0000 ---p 00005000 08:02 58465799                   /usr/lib/x86_64-linux-gnu/libXfixes.so.3.1.0
7f0131ca0000-7f0131ca1000 r--p 00004000 08:02 58465799                   /usr/lib/x86_64-linux-gnu/libXfixes.so.3.1.0
7f0131ca1000-7f0131ca2000 rw-p 00005000 08:02 58465799                   /usr/lib/x86_64-linux-gnu/libXfixes.so.3.1.0
7f0131ca4000-7f0131cad000 r-xp 00000000 08:02 58460313                   /usr/lib/x86_64-linux-gnu/libXcursor.so.1.0.2
7f0131cad000-7f0131eac000 ---p 00009000 08:02 58460313                   /usr/lib/x86_64-linux-gnu/libXcursor.so.1.0.2
7f0131eac000-7f0131ead000 r--p 00008000 08:02 58460313                   /usr/lib/x86_64-linux-gnu/libXcursor.so.1.0.2
7f0131ead000-7f0131eae000 rw-p 00009000 08:02 58460313                   /usr/lib/x86_64-linux-gnu/libXcursor.so.1.0.2
7f0131eb3000-7f0131eb6000 ---p 00000000 00:00 0 
7f0131eb6000-7f0131fb4000 rw-p 00000000 00:00 0 
7f0131fb4000-7f0131fe5000 r-xp 00000000 08:02 58460267                   /usr/lib/x86_64-linux-gnu/libpng16.so.16.34.0
7f0131fe5000-7f01321e4000 ---p 00031000 08:02 58460267                   /usr/lib/x86_64-linux-gnu/libpng16.so.16.34.0
7f01321e4000-7f01321e5000 r--p 00030000 08:02 58460267                   /usr/lib/x86_64-linux-gnu/libpng16.so.16.34.0
7f01321e5000-7f01321e6000 rw-p 00031000 08:02 58460267                   /usr/lib/x86_64-linux-gnu/libpng16.so.16.34.0
7f01321ec000-7f0132299000 r-xp 00000000 08:02 58459498                   /usr/lib/x86_64-linux-gnu/libfreetype.so.6.15.0
7f0132299000-7f0132498000 ---p 000ad000 08:02 58459498                   /usr/lib/x86_64-linux-gnu/libfreetype.so.6.15.0
7f0132498000-7f013249f000 r--p 000ac000 08:02 58459498                   /usr/lib/x86_64-linux-gnu/libfreetype.so.6.15.0
7f013249f000-7f01324a0000 rw-p 000b3000 08:02 58459498                   /usr/lib/x86_64-linux-gnu/libfreetype.so.6.15.0
7f01324a4000-7f01324f4000 r-xp 00000000 08:02 58465018                   /usr/lib/jvm/java-8-openjdk-amd64/jre/lib/amd64/libfontmanager.so
7f01324f4000-7f01326f4000 ---p 00050000 08:02 58465018                   /usr/lib/jvm/java-8-openjdk-amd64/jre/lib/amd64/libfontmanager.so
7f01326f4000-7f01326f6000 r--p 00050000 08:02 58465018                   /usr/lib/jvm/java-8-openjdk-amd64/jre/lib/amd64/libfontmanager.so
7f01326f6000-7f01326f7000 rw-p 00052000 08:02 58465018                   /usr/lib/jvm/java-8-openjdk-amd64/jre/lib/amd64/libfontmanager.so
7f01326fc000-7f013270f000 r-xp 00000000 08:02 262176                     /lib/x86_64-linux-gnu/libbsd.so.0.8.7
7f013270f000-7f013290e000 ---p 00013000 08:02 262176                     /lib/x86_64-linux-gnu/libbsd.so.0.8.7
7f013290e000-7f013290f000 r--p 00012000 08:02 262176                     /lib/x86_64-linux-gnu/libbsd.so.0.8.7
7f013290f000-7f0132910000 rw-p 00013000 08:02 262176                     /lib/x86_64-linux-gnu/libbsd.so.0.8.7
7f0132910000-7f0132911000 rw-p 00000000 00:00 0 
7f0132914000-7f0132919000 r-xp 00000000 08:02 58465795                   /usr/lib/x86_64-linux-gnu/libXdmcp.so.6.0.0
7f0132919000-7f0132b18000 ---p 00005000 08:02 58465795                   /usr/lib/x86_64-linux-gnu/libXdmcp.so.6.0.0
7f0132b18000-7f0132b19000 r--p 00004000 08:02 58465795                   /usr/lib/x86_64-linux-gnu/libXdmcp.so.6.0.0
7f0132b19000-7f0132b1a000 rw-p 00005000 08:02 58465795                   /usr/lib/x86_64-linux-gnu/libXdmcp.so.6.0.0
7f0132b1c000-7f0132b1e000 r-xp 00000000 08:02 58465784                   /usr/lib/x86_64-linux-gnu/libXau.so.6.0.0
7f0132b1e000-7f0132d1e000 ---p 00002000 08:02 58465784                   /usr/lib/x86_64-linux-gnu/libXau.so.6.0.0
7f0132d1e000-7f0132d1f000 r--p 00002000 08:02 58465784                   /usr/lib/x86_64-linux-gnu/libXau.so.6.0.0
7f0132d1f000-7f0132d20000 rw-p 00003000 08:02 58465784                   /usr/lib/x86_64-linux-gnu/libXau.so.6.0.0
7f0132d24000-7f0132d4a000 r-xp 00000000 08:02 58461565                   /usr/lib/x86_64-linux-gnu/libxcb.so.1.1.0
7f0132d4a000-7f0132f4a000 ---p 00026000 08:02 58461565                   /usr/lib/x86_64-linux-gnu/libxcb.so.1.1.0
7f0132f4a000-7f0132f4b000 r--p 00026000 08:02 58461565                   /usr/lib/x86_64-linux-gnu/libxcb.so.1.1.0
7f0132f4b000-7f0132f4c000 rw-p 00027000 08:02 58461565                   /usr/lib/x86_64-linux-gnu/libxcb.so.1.1.0
7f0132f4c000-7f0132f5b000 r-xp 00000000 08:02 58465807                   /usr/lib/x86_64-linux-gnu/libXi.so.6.1.0
7f0132f5b000-7f013315a000 ---p 0000f000 08:02 58465807                   /usr/lib/x86_64-linux-gnu/libXi.so.6.1.0
7f013315a000-7f013315b000 r--p 0000e000 08:02 58465807                   /usr/lib/x86_64-linux-gnu/libXi.so.6.1.0
7f013315b000-7f013315c000 rw-p 0000f000 08:02 58465807                   /usr/lib/x86_64-linux-gnu/libXi.so.6.1.0
7f013315c000-7f0133161000 r-xp 00000000 08:02 58465825                   /usr/lib/x86_64-linux-gnu/libXtst.so.6.1.0
7f0133161000-7f0133360000 ---p 00005000 08:02 58465825                   /usr/lib/x86_64-linux-gnu/libXtst.so.6.1.0
7f0133360000-7f0133361000 r--p 00004000 08:02 58465825                   /usr/lib/x86_64-linux-gnu/libXtst.so.6.1.0
7f0133361000-7f0133362000 rw-p 00005000 08:02 58465825                   /usr/lib/x86_64-linux-gnu/libXtst.so.6.1.0
7f0133364000-7f013336d000 r-xp 00000000 08:02 58465819                   /usr/lib/x86_64-linux-gnu/libXrender.so.1.3.0
7f013336d000-7f013356c000 ---p 00009000 08:02 58465819                   /usr/lib/x86_64-linux-gnu/libXrender.so.1.3.0
7f013356c000-7f013356d000 r--p 00008000 08:02 58465819                   /usr/lib/x86_64-linux-gnu/libXrender.so.1.3.0
7f013356d000-7f013356e000 rw-p 00009000 08:02 58465819                   /usr/lib/x86_64-linux-gnu/libXrender.so.1.3.0
7f0133574000-7f01336a7000 r-xp 00000000 08:02 58461569                   /usr/lib/x86_64-linux-gnu/libX11.so.6.3.0
7f01336a7000-7f01338a7000 ---p 00133000 08:02 58461569                   /usr/lib/x86_64-linux-gnu/libX11.so.6.3.0
7f01338a7000-7f01338a8000 r--p 00133000 08:02 58461569                   /usr/lib/x86_64-linux-gnu/libX11.so.6.3.0
7f01338a8000-7f01338ac000 rw-p 00134000 08:02 58461569                   /usr/lib/x86_64-linux-gnu/libX11.so.6.3.0
7f01338ac000-7f01338bd000 r-xp 00000000 08:02 58465797                   /usr/lib/x86_64-linux-gnu/libXext.so.6.4.0
7f01338bd000-7f0133abc000 ---p 00011000 08:02 58465797                   /usr/lib/x86_64-linux-gnu/libXext.so.6.4.0
7f0133abc000-7f0133abd000 r--p 00010000 08:02 58465797                   /usr/lib/x86_64-linux-gnu/libXext.so.6.4.0
7f0133abd000-7f0133abe000 rw-p 00011000 08:02 58465797                   /usr/lib/x86_64-linux-gnu/libXext.so.6.4.0
7f0133ac4000-7f0133b20000 r-xp 00000000 08:02 58465013                   /usr/lib/jvm/java-8-openjdk-amd64/jre/lib/amd64/libawt_xawt.so
7f0133b20000-7f0133d1f000 ---p 0005c000 08:02 58465013                   /usr/lib/jvm/java-8-openjdk-amd64/jre/lib/amd64/libawt_xawt.so
7f0133d1f000-7f0133d20000 r--p 0005b000 08:02 58465013                   /usr/lib/jvm/java-8-openjdk-amd64/jre/lib/amd64/libawt_xawt.so
7f0133d20000-7f0133d23000 rw-p 0005c000 08:02 58465013                   /usr/lib/jvm/java-8-openjdk-amd64/jre/lib/amd64/libawt_xawt.so
7f0133d23000-7f0133d25000 rw-p 00000000 00:00 0 
7f0133d2c000-7f0133dcb000 r-xp 00000000 08:02 58464900                   /usr/lib/jvm/java-8-openjdk-amd64/jre/lib/amd64/libawt.so
7f0133dcb000-7f0133fca000 ---p 0009f000 08:02 58464900                   /usr/lib/jvm/java-8-openjdk-amd64/jre/lib/amd64/libawt.so
7f0133fca000-7f0133fcb000 r--p 0009e000 08:02 58464900                   /usr/lib/jvm/java-8-openjdk-amd64/jre/lib/amd64/libawt.so
7f0133fcb000-7f0133fd6000 rw-p 0009f000 08:02 58464900                   /usr/lib/jvm/java-8-openjdk-amd64/jre/lib/amd64/libawt.so
7f0133fd6000-7f0133ffb000 rw-p 00000000 00:00 0 
7f0134000000-7f013442f000 rw-p 00000000 00:00 0 
7f013442f000-7f0138000000 ---p 00000000 00:00 0 
7f0138000000-7f0138021000 rw-p 00000000 00:00 0 
7f0138021000-7f013c000000 ---p 00000000 00:00 0 
7f013c000000-7f013c021000 rw-p 00000000 00:00 0 
7f013c021000-7f0140000000 ---p 00000000 00:00 0 
7f0140000000-7f0140102000 rw-p 00000000 00:00 0 
7f0140102000-7f0144000000 ---p 00000000 00:00 0 
7f0144000000-7f0144021000 rw-p 00000000 00:00 0 
7f0144021000-7f0148000000 ---p 00000000 00:00 0 
7f0148000000-7f0148021000 rw-p 00000000 00:00 0 
7f0148021000-7f014c000000 ---p 00000000 00:00 0 
7f014c000000-7f014c021000 rw-p 00000000 00:00 0 
7f014c021000-7f0150000000 ---p 00000000 00:00 0 
7f0150000000-7f0150021000 rw-p 00000000 00:00 0 
7f0150021000-7f0154000000 ---p 00000000 00:00 0 
7f0154000000-7f0154021000 rw-p 00000000 00:00 0 
7f0154021000-7f0158000000 ---p 00000000 00:00 0 
7f015805b000-7f0158060000 r--s 000a7000 08:02 58465145                   /usr/lib/jvm/java-8-openjdk-amd64/jre/lib/jsse.jar
7f0158062000-7f0158064000 r--s 00016000 08:02 58465139                   /usr/lib/jvm/java-8-openjdk-amd64/jre/lib/jce.jar
7f0158069000-7f015806c000 ---p 00000000 00:00 0 
7f015806c000-7f01580a2000 rw-p 00000000 00:00 0 
7f01580a2000-7f01580b5000 r--s 00346000 08:02 58465153                   /usr/lib/jvm/java-8-openjdk-amd64/jre/lib/resources.jar
7f01580bb000-7f01580d2000 r--s 001d7000 08:02 19146277                   /home/mrosa/Documents/IT_COLLEGE/3rd_Semester/GUI_Programming/Week5_GUI/mysql-connector-java-8.0.12.jar
7f01580d4000-7f01580eb000 r-xp 00000000 08:02 58465043                   /usr/lib/jvm/java-8-openjdk-amd64/jre/lib/amd64/libnet.so
7f01580eb000-7f01582ea000 ---p 00017000 08:02 58465043                   /usr/lib/jvm/java-8-openjdk-amd64/jre/lib/amd64/libnet.so
7f01582ea000-7f01582eb000 r--p 00016000 08:02 58465043                   /usr/lib/jvm/java-8-openjdk-amd64/jre/lib/amd64/libnet.so
7f01582eb000-7f01582ec000 rw-p 00017000 08:02 58465043                   /usr/lib/jvm/java-8-openjdk-amd64/jre/lib/amd64/libnet.so
7f01582ec000-7f01582fe000 r-xp 00000000 08:02 58465045                   /usr/lib/jvm/java-8-openjdk-amd64/jre/lib/amd64/libnio.so
7f01582fe000-7f01584fd000 ---p 00012000 08:02 58465045                   /usr/lib/jvm/java-8-openjdk-amd64/jre/lib/amd64/libnio.so
7f01584fd000-7f01584fe000 r--p 00011000 08:02 58465045                   /usr/lib/jvm/java-8-openjdk-amd64/jre/lib/amd64/libnio.so
7f01584fe000-7f01584ff000 rw-p 00012000 08:02 58465045                   /usr/lib/jvm/java-8-openjdk-amd64/jre/lib/amd64/libnio.so
7f01584ff000-7f0158500000 ---p 00000000 00:00 0 
7f0158500000-7f0158600000 rw-p 00000000 00:00 0 
7f0158600000-7f0158603000 ---p 00000000 00:00 0 
7f0158603000-7f0158701000 rw-p 00000000 00:00 0 
7f0158701000-7f0158702000 ---p 00000000 00:00 0 
7f0158702000-7f0158705000 ---p 00000000 00:00 0 
7f0158705000-7f0158802000 rw-p 00000000 00:00 0 
7f0158802000-7f0158803000 ---p 00000000 00:00 0 
7f0158803000-7f0158806000 ---p 00000000 00:00 0 
7f0158806000-7f0158903000 rw-p 00000000 00:00 0 
7f0158903000-7f0158906000 ---p 00000000 00:00 0 
7f0158906000-7f0158a04000 rw-p 00000000 00:00 0 
7f0158a04000-7f0158ce2000 r--p 00000000 08:02 58460359                   /usr/lib/locale/locale-archive
7f0158ce7000-7f0158cea000 ---p 00000000 00:00 0 
7f0158cea000-7f0158de8000 rw-p 00000000 00:00 0 
7f0158de8000-7f0158deb000 ---p 00000000 00:00 0 
7f0158deb000-7f0158ee9000 rw-p 00000000 00:00 0 
7f0158ee9000-7f0158eea000 ---p 00000000 00:00 0 
7f0158eea000-7f015d000000 rw-p 00000000 00:00 0 
7f015d000000-7f015d3b0000 rwxp 00000000 00:00 0 
7f015d3b0000-7f016c000000 ---p 00000000 00:00 0 
7f016c000000-7f016c4d8000 rw-p 00000000 00:00 0 
7f016c4d8000-7f0170000000 ---p 00000000 00:00 0 
7f0170005000-7f017000a000 r--s 002f9000 08:02 58465054                   /usr/lib/jvm/java-8-openjdk-amd64/jre/lib/charsets.jar
7f017000d000-7f017003e000 rw-p 00000000 00:00 0 
7f017003e000-7f017003f000 r--s 0000a000 08:02 58590655                   /usr/lib/jvm/java-8-openjdk-amd64/jre/lib/ext/jaccess.jar
7f0170044000-7f0170045000 r--s 00010000 08:02 58590685                   /usr/lib/jvm/java-8-openjdk-amd64/jre/lib/ext/zipfs.jar
7f0170046000-7f017004a000 r--s 0003a000 08:02 58590683                   /usr/lib/jvm/java-8-openjdk-amd64/jre/lib/ext/sunpkcs11.jar
7f0170051000-7f0170052000 r--s 0000d000 08:02 58590679                   /usr/lib/jvm/java-8-openjdk-amd64/jre/lib/ext/sunec.jar
7f0170058000-7f0170073000 r--s 00394000 08:02 58590636                   /usr/lib/jvm/java-8-openjdk-amd64/jre/lib/ext/cldrdata.jar
7f0170073000-7f0170076000 r--s 0000f000 08:02 58590651                   /usr/lib/jvm/java-8-openjdk-amd64/jre/lib/ext/icedtea-sound.jar
7f017007a000-7f0170095000 r--s 001d6000 08:02 58590663                   /usr/lib/jvm/java-8-openjdk-amd64/jre/lib/ext/nashorn.jar
7f017009a000-7f01700a4000 r--s 00116000 08:02 58590659                   /usr/lib/jvm/java-8-openjdk-amd64/jre/lib/ext/localedata.jar
7f01700ab000-7f01700ad000 r--s 00007000 08:02 58851596                   /usr/share/java/java-atk-wrapper.jar
7f01700ad000-7f01700af000 r--s 00001000 08:02 58590638                   /usr/lib/jvm/java-8-openjdk-amd64/jre/lib/ext/dnsns.jar
7f01700b1000-7f01700b7000 r--s 0003d000 08:02 58590681                   /usr/lib/jvm/java-8-openjdk-amd64/jre/lib/ext/sunjce_provider.jar
7f01700b7000-7f0170429000 rw-p 00000000 00:00 0 
7f0170429000-7f01705fb000 r--s 03ca5000 08:02 58465155                   /usr/lib/jvm/java-8-openjdk-amd64/jre/lib/rt.jar
7f01705fd000-7f0171214000 rw-p 00000000 00:00 0 
7f0171214000-7f0171215000 ---p 00000000 00:00 0 
7f0171215000-7f0171315000 rw-p 00000000 00:00 0 
7f0171315000-7f0171316000 ---p 00000000 00:00 0 
7f0171316000-7f017143e000 rw-p 00000000 00:00 0 
7f017143e000-7f0171682000 ---p 00000000 00:00 0 
7f0171682000-7f01716aa000 rw-p 00000000 00:00 0 
7f01716aa000-7f01718ed000 ---p 00000000 00:00 0 
7f01718ed000-7f0171901000 rw-p 00000000 00:00 0 
7f0171901000-7f0171a23000 ---p 00000000 00:00 0 
7f0171a23000-7f0171a33000 rw-p 00000000 00:00 0 
7f0171a33000-7f0171de4000 ---p 00000000 00:00 0 
7f0171de4000-7f0171dec000 r-xp 00000000 08:02 58465053                   /usr/lib/jvm/java-8-openjdk-amd64/jre/lib/amd64/libzip.so
7f0171dec000-7f0171feb000 ---p 00008000 08:02 58465053                   /usr/lib/jvm/java-8-openjdk-amd64/jre/lib/amd64/libzip.so
7f0171feb000-7f0171fec000 r--p 00007000 08:02 58465053                   /usr/lib/jvm/java-8-openjdk-amd64/jre/lib/amd64/libzip.so
7f0171fec000-7f0171fed000 rw-p 00008000 08:02 58465053                   /usr/lib/jvm/java-8-openjdk-amd64/jre/lib/amd64/libzip.so
7f0171ff4000-7f0171fff000 r-xp 00000000 08:02 262526                     /lib/x86_64-linux-gnu/libnss_files-2.27.so
7f0171fff000-7f01721fe000 ---p 0000b000 08:02 262526                     /lib/x86_64-linux-gnu/libnss_files-2.27.so
7f01721fe000-7f01721ff000 r--p 0000a000 08:02 262526                     /lib/x86_64-linux-gnu/libnss_files-2.27.so
7f01721ff000-7f0172200000 rw-p 0000b000 08:02 262526                     /lib/x86_64-linux-gnu/libnss_files-2.27.so
7f0172200000-7f0172206000 rw-p 00000000 00:00 0 
7f017220c000-7f0172223000 r-xp 00000000 08:02 262523                     /lib/x86_64-linux-gnu/libnsl-2.27.so
7f0172223000-7f0172422000 ---p 00017000 08:02 262523                     /lib/x86_64-linux-gnu/libnsl-2.27.so
7f0172422000-7f0172423000 r--p 00016000 08:02 262523                     /lib/x86_64-linux-gnu/libnsl-2.27.so
7f0172423000-7f0172424000 rw-p 00017000 08:02 262523                     /lib/x86_64-linux-gnu/libnsl-2.27.so
7f0172424000-7f0172426000 rw-p 00000000 00:00 0 
7f017242c000-7f0172437000 r-xp 00000000 08:02 262528                     /lib/x86_64-linux-gnu/libnss_nis-2.27.so
7f0172437000-7f0172636000 ---p 0000b000 08:02 262528                     /lib/x86_64-linux-gnu/libnss_nis-2.27.so
7f0172636000-7f0172637000 r--p 0000a000 08:02 262528                     /lib/x86_64-linux-gnu/libnss_nis-2.27.so
7f0172637000-7f0172638000 rw-p 0000b000 08:02 262528                     /lib/x86_64-linux-gnu/libnss_nis-2.27.so
7f017263c000-7f0172644000 r-xp 00000000 08:02 262524                     /lib/x86_64-linux-gnu/libnss_compat-2.27.so
7f0172644000-7f0172844000 ---p 00008000 08:02 262524                     /lib/x86_64-linux-gnu/libnss_compat-2.27.so
7f0172844000-7f0172845000 r--p 00008000 08:02 262524                     /lib/x86_64-linux-gnu/libnss_compat-2.27.so
7f0172845000-7f0172846000 rw-p 00009000 08:02 262524                     /lib/x86_64-linux-gnu/libnss_compat-2.27.so
7f017284c000-7f0172876000 r-xp 00000000 08:02 58465029                   /usr/lib/jvm/java-8-openjdk-amd64/jre/lib/amd64/libjava.so
7f0172876000-7f0172a75000 ---p 0002a000 08:02 58465029                   /usr/lib/jvm/java-8-openjdk-amd64/jre/lib/amd64/libjava.so
7f0172a75000-7f0172a76000 r--p 00029000 08:02 58465029                   /usr/lib/jvm/java-8-openjdk-amd64/jre/lib/amd64/libjava.so
7f0172a76000-7f0172a78000 rw-p 0002a000 08:02 58465029                   /usr/lib/jvm/java-8-openjdk-amd64/jre/lib/amd64/libjava.so
7f0172a7c000-7f0172a8c000 r-xp 00000000 08:02 58465052                   /usr/lib/jvm/java-8-openjdk-amd64/jre/lib/amd64/libverify.so
7f0172a8c000-7f0172c8b000 ---p 00010000 08:02 58465052                   /usr/lib/jvm/java-8-openjdk-amd64/jre/lib/amd64/libverify.so
7f0172c8b000-7f0172c8d000 r--p 0000f000 08:02 58465052                   /usr/lib/jvm/java-8-openjdk-amd64/jre/lib/amd64/libverify.so
7f0172c8d000-7f0172c8e000 rw-p 00011000 08:02 58465052                   /usr/lib/jvm/java-8-openjdk-amd64/jre/lib/amd64/libverify.so
7f0172c94000-7f0172c9b000 r-xp 00000000 08:02 262533                     /lib/x86_64-linux-gnu/librt-2.27.so
7f0172c9b000-7f0172e9a000 ---p 00007000 08:02 262533                     /lib/x86_64-linux-gnu/librt-2.27.so
7f0172e9a000-7f0172e9b000 r--p 00006000 08:02 262533                     /lib/x86_64-linux-gnu/librt-2.27.so
7f0172e9b000-7f0172e9c000 rw-p 00007000 08:02 262533                     /lib/x86_64-linux-gnu/librt-2.27.so
7f0172e9c000-7f0172eb3000 r-xp 00000000 08:02 262160                     /lib/x86_64-linux-gnu/libgcc_s.so.1
7f0172eb3000-7f01730b2000 ---p 00017000 08:02 262160                     /lib/x86_64-linux-gnu/libgcc_s.so.1
7f01730b2000-7f01730b3000 r--p 00016000 08:02 262160                     /lib/x86_64-linux-gnu/libgcc_s.so.1
7f01730b3000-7f01730b4000 rw-p 00017000 08:02 262160                     /lib/x86_64-linux-gnu/libgcc_s.so.1
7f01730b4000-7f0173251000 r-xp 00000000 08:02 262520                     /lib/x86_64-linux-gnu/libm-2.27.so
7f0173251000-7f0173450000 ---p 0019d000 08:02 262520                     /lib/x86_64-linux-gnu/libm-2.27.so
7f0173450000-7f0173451000 r--p 0019c000 08:02 262520                     /lib/x86_64-linux-gnu/libm-2.27.so
7f0173451000-7f0173452000 rw-p 0019d000 08:02 262520                     /lib/x86_64-linux-gnu/libm-2.27.so
7f0173454000-7f01735cd000 r-xp 00000000 08:02 58458932                   /usr/lib/x86_64-linux-gnu/libstdc++.so.6.0.25
7f01735cd000-7f01737cd000 ---p 00179000 08:02 58458932                   /usr/lib/x86_64-linux-gnu/libstdc++.so.6.0.25
7f01737cd000-7f01737d7000 r--p 00179000 08:02 58458932                   /usr/lib/x86_64-linux-gnu/libstdc++.so.6.0.25
7f01737d7000-7f01737d9000 rw-p 00183000 08:02 58458932                   /usr/lib/x86_64-linux-gnu/libstdc++.so.6.0.25
7f01737d9000-7f01737dd000 rw-p 00000000 00:00 0 
7f01737e4000-7f0174488000 r-xp 00000000 08:02 58590582                   /usr/lib/jvm/java-8-openjdk-amd64/jre/lib/amd64/server/libjvm.so
7f0174488000-7f0174688000 ---p 00ca4000 08:02 58590582                   /usr/lib/jvm/java-8-openjdk-amd64/jre/lib/amd64/server/libjvm.so
7f0174688000-7f017471c000 r--p 00ca4000 08:02 58590582                   /usr/lib/jvm/java-8-openjdk-amd64/jre/lib/amd64/server/libjvm.so
7f017471c000-7f0174745000 rw-p 00d38000 08:02 58590582                   /usr/lib/jvm/java-8-openjdk-amd64/jre/lib/amd64/server/libjvm.so
7f0174745000-7f0174775000 rw-p 00000000 00:00 0 
7f017477c000-7f0174796000 r-xp 00000000 08:02 262531                     /lib/x86_64-linux-gnu/libpthread-2.27.so
7f0174796000-7f0174995000 ---p 0001a000 08:02 262531                     /lib/x86_64-linux-gnu/libpthread-2.27.so
7f0174995000-7f0174996000 r--p 00019000 08:02 262531                     /lib/x86_64-linux-gnu/libpthread-2.27.so
7f0174996000-7f0174997000 rw-p 0001a000 08:02 262531                     /lib/x86_64-linux-gnu/libpthread-2.27.so
7f0174997000-7f017499b000 rw-p 00000000 00:00 0 
7f017499c000-7f017499f000 r-xp 00000000 08:02 262519                     /lib/x86_64-linux-gnu/libdl-2.27.so
7f017499f000-7f0174b9e000 ---p 00003000 08:02 262519                     /lib/x86_64-linux-gnu/libdl-2.27.so
7f0174b9e000-7f0174b9f000 r--p 00002000 08:02 262519                     /lib/x86_64-linux-gnu/libdl-2.27.so
7f0174b9f000-7f0174ba0000 rw-p 00003000 08:02 262519                     /lib/x86_64-linux-gnu/libdl-2.27.so
7f0174ba4000-7f0174bc0000 r-xp 00000000 08:02 266831                     /lib/x86_64-linux-gnu/libz.so.1.2.11
7f0174bc0000-7f0174dbf000 ---p 0001c000 08:02 266831                     /lib/x86_64-linux-gnu/libz.so.1.2.11
7f0174dbf000-7f0174dc0000 r--p 0001b000 08:02 266831                     /lib/x86_64-linux-gnu/libz.so.1.2.11
7f0174dc0000-7f0174dc1000 rw-p 0001c000 08:02 266831                     /lib/x86_64-linux-gnu/libz.so.1.2.11
7f0174dc4000-7f0174fab000 r-xp 00000000 08:02 262516                     /lib/x86_64-linux-gnu/libc-2.27.so
7f0174fab000-7f01751ab000 ---p 001e7000 08:02 262516                     /lib/x86_64-linux-gnu/libc-2.27.so
7f01751ab000-7f01751af000 r--p 001e7000 08:02 262516                     /lib/x86_64-linux-gnu/libc-2.27.so
7f01751af000-7f01751b1000 rw-p 001eb000 08:02 262516                     /lib/x86_64-linux-gnu/libc-2.27.so
7f01751b1000-7f01751b5000 rw-p 00000000 00:00 0 
7f01751bc000-7f01751ca000 r-xp 00000000 08:02 58589868                   /usr/lib/jvm/java-8-openjdk-amd64/jre/lib/amd64/jli/libjli.so
7f01751ca000-7f01753c9000 ---p 0000e000 08:02 58589868                   /usr/lib/jvm/java-8-openjdk-amd64/jre/lib/amd64/jli/libjli.so
7f01753c9000-7f01753ca000 r--p 0000d000 08:02 58589868                   /usr/lib/jvm/java-8-openjdk-amd64/jre/lib/amd64/jli/libjli.so
7f01753ca000-7f01753cb000 rw-p 0000e000 08:02 58589868                   /usr/lib/jvm/java-8-openjdk-amd64/jre/lib/amd64/jli/libjli.so
7f01753cc000-7f01753f3000 r-xp 00000000 08:02 262322                     /lib/x86_64-linux-gnu/ld-2.27.so
7f01753fa000-7f01754e4000 rw-p 00000000 00:00 0 
7f01754e4000-7f01754ec000 rw-s 00000000 08:02 41027854                   /tmp/hsperfdata_mrosa/6819
7f01754f2000-7f01754f3000 ---p 00000000 00:00 0 
7f01754f3000-7f01754f6000 ---p 00000000 00:00 0 
7f01754f6000-7f01755f3000 rw-p 00000000 00:00 0 
7f01755f3000-7f01755f4000 r--p 00027000 08:02 262322                     /lib/x86_64-linux-gnu/ld-2.27.so
7f01755f4000-7f01755f5000 rw-p 00028000 08:02 262322                     /lib/x86_64-linux-gnu/ld-2.27.so
7f01755f5000-7f01755f7000 rw-p 00000000 00:00 0 
7f01755f7000-7f01755f8000 r--p 00000000 00:00 0 
7f01755f8000-7f01755fc000 rw-p 00000000 00:00 0 
7fffcd2ab000-7fffcd2cc000 rw-p 00000000 00:00 0                          [stack]
7fffcd384000-7fffcd387000 r--p 00000000 00:00 0                          [vvar]
7fffcd387000-7fffcd389000 r-xp 00000000 00:00 0                          [vdso]
ffffffffff600000-ffffffffff601000 r-xp 00000000 00:00 0                  [vsyscall]

VM Arguments:
jvm_args: -Dfile.encoding=UTF-8 
java_command: movie.rental.main.Main
java_class_path (initial): /home/mrosa/eclipse-workspace/Java_project_test/Movie_Rental_Shop_Managment_System/bin:/home/mrosa/Documents/IT_COLLEGE/3rd_Semester/GUI_Programming/Week5_GUI/mysql-connector-java-8.0.12.jar
Launcher Type: SUN_STANDARD

Environment Variables:
PATH=/home/mrosa/bin:/usr/local/sbin:/usr/local/bin:/usr/sbin:/usr/bin:/sbin:/bin:/usr/games:/usr/local/games:/snap/bin:/home/mrosa/Android/Sdk/tools:/home/mrosa/Android/Sdk/platform-tools
USERNAME=mrosa
SHELL=/bin/bash
DISPLAY=:0

Signal Handlers:
SIGSEGV: [libjvm.so+0xabd470], sa_mask[0]=11111111011111111101111111111110, sa_flags=SA_RESTART|SA_SIGINFO
SIGBUS: [libjvm.so+0xabd470], sa_mask[0]=11111111011111111101111111111110, sa_flags=SA_RESTART|SA_SIGINFO
SIGFPE: [libjvm.so+0x8f1c90], sa_mask[0]=11111111011111111101111111111110, sa_flags=SA_RESTART|SA_SIGINFO
SIGPIPE: [libjvm.so+0x8f1c90], sa_mask[0]=11111111011111111101111111111110, sa_flags=SA_RESTART|SA_SIGINFO
SIGXFSZ: [libjvm.so+0x8f1c90], sa_mask[0]=11111111011111111101111111111110, sa_flags=SA_RESTART|SA_SIGINFO
SIGILL: [libjvm.so+0x8f1c90], sa_mask[0]=11111111011111111101111111111110, sa_flags=SA_RESTART|SA_SIGINFO
SIGUSR1: SIG_DFL, sa_mask[0]=00000000000000000000000000000000, sa_flags=none
SIGUSR2: [libjvm.so+0x8f1b40], sa_mask[0]=00100000000000000000000000000000, sa_flags=SA_RESTART|SA_SIGINFO
SIGHUP: [libjvm.so+0x8f21b0], sa_mask[0]=11111111011111111101111111111110, sa_flags=SA_RESTART|SA_SIGINFO
SIGINT: [libjvm.so+0x8f21b0], sa_mask[0]=11111111011111111101111111111110, sa_flags=SA_RESTART|SA_SIGINFO
SIGTERM: [libjvm.so+0x8f21b0], sa_mask[0]=11111111011111111101111111111110, sa_flags=SA_RESTART|SA_SIGINFO
SIGQUIT: [libjvm.so+0x8f21b0], sa_mask[0]=11111111011111111101111111111110, sa_flags=SA_RESTART|SA_SIGINFO


---------------  S Y S T E M  ---------------

OS:DISTRIB_ID=Ubuntu
DISTRIB_RELEASE=18.04
DISTRIB_CODENAME=bionic
DISTRIB_DESCRIPTION="Ubuntu 18.04.4 LTS"

uname:Linux 4.15.0-99-generic #100-Ubuntu SMP Wed Apr 22 20:32:56 UTC 2020 x86_64
libc:glibc 2.27 NPTL 2.27 
rlimit: STACK 8192k, CORE 0k, NPROC 29345, NOFILE 1048576, AS infinity
load average:2.04 1.56 1.16

/proc/meminfo:
MemTotal:        7604324 kB
MemFree:         2483168 kB
MemAvailable:    4634472 kB
Buffers:          335800 kB
Cached:          2006072 kB
SwapCached:            0 kB
Active:          3319004 kB
Inactive:        1329148 kB
Active(anon):    2304664 kB
Inactive(anon):    36352 kB
Active(file):    1014340 kB
Inactive(file):  1292796 kB
Unevictable:         120 kB
Mlocked:             120 kB
SwapTotal:       2097148 kB
SwapFree:        2097148 kB
Dirty:               164 kB
Writeback:             0 kB
AnonPages:       2306504 kB
Mapped:           643348 kB
Shmem:             37728 kB
Slab:             214588 kB
SReclaimable:     122900 kB
SUnreclaim:        91688 kB
KernelStack:       15296 kB
PageTables:        62992 kB
NFS_Unstable:          0 kB
Bounce:                0 kB
WritebackTmp:          0 kB
CommitLimit:     5899308 kB
Committed_AS:    9026356 kB
VmallocTotal:   34359738367 kB
VmallocUsed:           0 kB
VmallocChunk:          0 kB
HardwareCorrupted:     0 kB
AnonHugePages:         0 kB
ShmemHugePages:        0 kB
ShmemPmdMapped:        0 kB
CmaTotal:              0 kB
CmaFree:               0 kB
HugePages_Total:       0
HugePages_Free:        0
HugePages_Rsvd:        0
HugePages_Surp:        0
Hugepagesize:       2048 kB
DirectMap4k:      386564 kB
DirectMap2M:     6381568 kB
DirectMap1G:     2097152 kB

container (cgroup) information:
container_type: cgroupv1
cpu_cpuset_cpus: 0-1
cpu_memory_nodes: 0
active_processor_count: 2
cpu_quota: -1
cpu_period: 100000
cpu_shares: -1
memory_limit_in_bytes: -1
memory_and_swap_limit_in_bytes: -2
memory_soft_limit_in_bytes: -1
memory_usage_in_bytes: 3261378560
memory_max_usage_in_bytes: 3261378560


CPU:total 2 (initial active 2) (2 cores per cpu, 1 threads per core) family 21 model 112 stepping 0, cmov, cx8, fxsr, mmx, sse, sse2, sse3, ssse3, sse4.1, sse4.2, popcnt, avx, avx2, aes, clmul, mmxext, 3dnowpref, lzcnt, sse4a, tsc, tscinvbit, tscinv, bmi1

/proc/cpuinfo:
processor	: 0
vendor_id	: AuthenticAMD
cpu family	: 21
model		: 112
model name	: AMD A9-9410 RADEON R5, 5 COMPUTE CORES 2C+3G
stepping	: 0
microcode	: 0x6006704
cpu MHz		: 3493.592
cache size	: 1024 KB
physical id	: 0
siblings	: 2
core id		: 0
cpu cores	: 2
apicid		: 16
initial apicid	: 0
fpu		: yes
fpu_exception	: yes
cpuid level	: 13
wp		: yes
flags		: fpu vme de pse tsc msr pae mce cx8 apic sep mtrr pge mca cmov pat pse36 clflush mmx fxsr sse sse2 ht syscall nx mmxext fxsr_opt pdpe1gb rdtscp lm constant_tsc rep_good acc_power nopl nonstop_tsc cpuid extd_apicid aperfmperf pni pclmulqdq monitor ssse3 fma cx16 sse4_1 sse4_2 movbe popcnt aes xsave avx f16c lahf_lm cmp_legacy svm extapic cr8_legacy abm sse4a misalignsse 3dnowprefetch osvw ibs xop skinit wdt lwp fma4 tce nodeid_msr tbm perfctr_core perfctr_nb bpext ptsc mwaitx cpb hw_pstate ssbd vmmcall fsgsbase bmi1 avx2 smep bmi2 xsaveopt arat npt lbrv svm_lock nrip_save tsc_scale vmcb_clean flushbyasid decodeassists pausefilter pfthreshold avic v_vmsave_vmload vgif overflow_recov
bugs		: fxsave_leak sysret_ss_attrs null_seg spectre_v1 spectre_v2 spec_store_bypass
bogomips	: 5789.43
TLB size	: 1536 4K pages
clflush size	: 64
cache_alignment	: 64
address sizes	: 48 bits physical, 48 bits virtual
power management: ts ttp tm 100mhzsteps hwpstate cpb eff_freq_ro acc_power [13]

processor	: 1
vendor_id	: AuthenticAMD
cpu family	: 21
model		: 112
model name	: AMD A9-9410 RADEON R5, 5 COMPUTE CORES 2C+3G
stepping	: 0
microcode	: 0x6006704
cpu MHz		: 3493.627
cache size	: 1024 KB
physical id	: 0
siblings	: 2
core id		: 1
cpu cores	: 2
apicid		: 17
initial apicid	: 1
fpu		: yes
fpu_exception	: yes
cpuid level	: 13
wp		: yes
flags		: fpu vme de pse tsc msr pae mce cx8 apic sep mtrr pge mca cmov pat pse36 clflush mmx fxsr sse sse2 ht syscall nx mmxext fxsr_opt pdpe1gb rdtscp lm constant_tsc rep_good acc_power nopl nonstop_tsc cpuid extd_apicid aperfmperf pni pclmulqdq monitor ssse3 fma cx16 sse4_1 sse4_2 movbe popcnt aes xsave avx f16c lahf_lm cmp_legacy svm extapic cr8_legacy abm sse4a misalignsse 3dnowprefetch osvw ibs xop skinit wdt lwp fma4 tce nodeid_msr tbm perfctr_core perfctr_nb bpext ptsc mwaitx cpb hw_pstate ssbd vmmcall fsgsbase bmi1 avx2 smep bmi2 xsaveopt arat npt lbrv svm_lock nrip_save tsc_scale vmcb_clean flushbyasid decodeassists pausefilter pfthreshold avic v_vmsave_vmload vgif overflow_recov
bugs		: fxsave_leak sysret_ss_attrs null_seg spectre_v1 spectre_v2 spec_store_bypass
bogomips	: 5789.43
TLB size	: 1536 4K pages
clflush size	: 64
cache_alignment	: 64
address sizes	: 48 bits physical, 48 bits virtual
power management: ts ttp tm 100mhzsteps hwpstate cpb eff_freq_ro acc_power [13]



Memory: 4k page, physical 7604324k(2482888k free), swap 2097148k(2097148k free)

vm_info: OpenJDK 64-Bit Server VM (25.252-b09) for linux-amd64 JRE (1.8.0_252-8u252-b09-1~18.04-b09), built on Apr 15 2020 18:48:05 by "buildd" with gcc 7.5.0

time: Mon May  4 11:22:40 2020
timezone: IST
elapsed time: 3 seconds (0d 0h 0m 3s)

